<?xml version="1.0" encoding="UTF-8"?>
<testsuite xmlns:xsi="http://www.w3.org/2001/XMLSchema-instance" xsi:noNamespaceSchemaLocation="https://maven.apache.org/surefire/maven-surefire-plugin/xsd/surefire-test-report-3.0.xsd" version="3.0" name="TestSuite" time="0.653" tests="3" errors="0" skipped="0" failures="0">
  <properties>
[...]
</properties>
  <testcase name="m2" classname="demopackage2.DemoOrg" time="0.009">
    <system-out><![CDATA[ORG created
]]></system-out>
    <system-err><![CDATA[SLF4J: Failed to load class "org.slf4j.impl.StaticLoggerBinder".
SLF4J: Defaulting to no-operation (NOP) logger implementation
SLF4J: See http://www.slf4j.org/codes.html#StaticLoggerBinder for further details.
]]></system-err>
  </testcase>
  <testcase name="m3" classname="demopackage2.DemoOrg" time="0.005">
    <system-out><![CDATA[ORG created 2
]]></system-out>
  </testcase>
  <testcase name="m1" classname="demopackage1.DemoContact" time="0.037">
    <system-out><![CDATA[www.ggoglw.com
null
admin
null
]]></system-out>
  </testcase>
</testsuite>